INFO:haystack.modeling.model.optimization:05/25/2022 11:39:17 AM apex not found, won't use it. See https://nvidia.github.io/apex/
INFO:haystack.modeling.utils:05/25/2022 11:39:18 AM Using devices: CUDA:0
INFO:haystack.modeling.utils:05/25/2022 11:39:18 AM Number of GPUs: 1
INFO:haystack.modeling.model.language_model:05/25/2022 11:39:18 AM LOADING MODEL
INFO:haystack.modeling.model.language_model:05/25/2022 11:39:18 AM =============
INFO:haystack.modeling.model.language_model:05/25/2022 11:39:18 AM Could not find deepset/xlm-roberta-large-squad2 locally.
INFO:haystack.modeling.model.language_model:05/25/2022 11:39:18 AM Looking on Transformers Model Hub (in local cache and online)...
INFO:haystack.modeling.model.language_model:05/25/2022 11:39:25 AM Loaded deepset/xlm-roberta-large-squad2
INFO:haystack.modeling.utils:05/25/2022 11:39:41 AM Using devices: CUDA
INFO:haystack.modeling.utils:05/25/2022 11:39:41 AM Number of GPUs: 1
INFO:haystack.modeling.infer:05/25/2022 11:39:41 AM Got ya 5 parallel workers to do inference ...
INFO:haystack.modeling.infer:05/25/2022 11:39:41 AM  0     0     0     0     0  
INFO:haystack.modeling.infer:05/25/2022 11:39:41 AM /w\   /w\   /w\   /w\   /w\ 
INFO:haystack.modeling.infer:05/25/2022 11:39:41 AM /'\   / \   /'\   /'\   / \ 
INFO:__main__:05/25/2022 11:53:38 AM ------------------------------
INFO:__main__:05/25/2022 11:53:38 AM Question Answering System info
INFO:__main__:05/25/2022 11:53:38 AM Reader: deepset/xlm-roberta-large-squad2
INFO:__main__:05/25/2022 11:53:38 AM max_seq_len: 256 doc_stride: 128
INFO:__main__:05/25/2022 11:53:38 AM Exact Match: 0.5571428571428572
INFO:__main__:05/25/2022 11:53:38 AM F1-Score: 0.7576235228024292
INFO:__main__:05/25/2022 11:53:38 AM f1 lowest score mean: 0.7940362841284727
INFO:__main__:05/25/2022 11:53:38 AM em lowest score mean: 0.8188175412371114
INFO:__main__:05/25/2022 11:53:38 AM ------------------------------
