INFO:haystack.modeling.model.optimization:05/25/2022 11:53:42 AM apex not found, won't use it. See https://nvidia.github.io/apex/
INFO:haystack.modeling.utils:05/25/2022 11:53:42 AM Using devices: CUDA:0
INFO:haystack.modeling.utils:05/25/2022 11:53:42 AM Number of GPUs: 1
INFO:haystack.modeling.model.language_model:05/25/2022 11:53:42 AM LOADING MODEL
INFO:haystack.modeling.model.language_model:05/25/2022 11:53:42 AM =============
INFO:haystack.modeling.model.language_model:05/25/2022 11:53:42 AM Could not find Danastos/triviaqa_bert_el locally.
INFO:haystack.modeling.model.language_model:05/25/2022 11:53:42 AM Looking on Transformers Model Hub (in local cache and online)...
INFO:haystack.modeling.model.language_model:05/25/2022 11:53:47 AM Loaded Danastos/triviaqa_bert_el
INFO:haystack.modeling.utils:05/25/2022 11:53:56 AM Using devices: CUDA
INFO:haystack.modeling.utils:05/25/2022 11:53:56 AM Number of GPUs: 1
INFO:haystack.modeling.infer:05/25/2022 11:53:57 AM Got ya 5 parallel workers to do inference ...
INFO:haystack.modeling.infer:05/25/2022 11:53:57 AM  0     0     0     0     0  
INFO:haystack.modeling.infer:05/25/2022 11:53:57 AM /w\   /w\   /w\   /w\   /w\ 
INFO:haystack.modeling.infer:05/25/2022 11:53:57 AM /'\   / \   /'\   /'\   / \ 
INFO:__main__:05/25/2022 11:55:22 AM ------------------------------
INFO:__main__:05/25/2022 11:55:22 AM Question Answering System info
INFO:__main__:05/25/2022 11:55:22 AM Reader: Danastos/triviaqa_bert_el
INFO:__main__:05/25/2022 11:55:22 AM max_seq_len: 256 doc_stride: 128
INFO:__main__:05/25/2022 11:55:22 AM Exact Match: 0.27899159663865547
INFO:__main__:05/25/2022 11:55:22 AM F1-Score: 0.40941624672575755
INFO:__main__:05/25/2022 11:55:22 AM f1 lowest score mean: 0.45627022097980163
INFO:__main__:05/25/2022 11:55:22 AM em lowest score mean: 0.4686611953147639
INFO:__main__:05/25/2022 11:55:22 AM ------------------------------
