INFO:haystack.modeling.model.optimization:05/25/2022 11:57:15 AM apex not found, won't use it. See https://nvidia.github.io/apex/
INFO:haystack.modeling.utils:05/25/2022 11:57:16 AM Using devices: CUDA:0
INFO:haystack.modeling.utils:05/25/2022 11:57:16 AM Number of GPUs: 1
INFO:haystack.modeling.model.language_model:05/25/2022 11:57:16 AM LOADING MODEL
INFO:haystack.modeling.model.language_model:05/25/2022 11:57:16 AM =============
INFO:haystack.modeling.model.language_model:05/25/2022 11:57:16 AM Could not find Danastos/nq_bert_el locally.
INFO:haystack.modeling.model.language_model:05/25/2022 11:57:16 AM Looking on Transformers Model Hub (in local cache and online)...
INFO:haystack.modeling.model.language_model:05/25/2022 11:57:20 AM Loaded Danastos/nq_bert_el
INFO:haystack.modeling.utils:05/25/2022 11:57:30 AM Using devices: CUDA
INFO:haystack.modeling.utils:05/25/2022 11:57:30 AM Number of GPUs: 1
INFO:haystack.modeling.infer:05/25/2022 11:57:30 AM Got ya 5 parallel workers to do inference ...
INFO:haystack.modeling.infer:05/25/2022 11:57:30 AM  0     0     0     0     0  
INFO:haystack.modeling.infer:05/25/2022 11:57:30 AM /w\   /w\   /w\   /w\   /w\ 
INFO:haystack.modeling.infer:05/25/2022 11:57:30 AM /'\   / \   /'\   /'\   / \ 
INFO:__main__:05/25/2022 11:58:54 AM ------------------------------
INFO:__main__:05/25/2022 11:58:54 AM Question Answering System info
INFO:__main__:05/25/2022 11:58:54 AM Reader: Danastos/nq_bert_el
INFO:__main__:05/25/2022 11:58:54 AM max_seq_len: 256 doc_stride: 128
INFO:__main__:05/25/2022 11:58:54 AM Exact Match: 0.38487394957983195
INFO:__main__:05/25/2022 11:58:54 AM F1-Score: 0.5751819914035066
INFO:__main__:05/25/2022 11:58:54 AM f1 lowest score mean: 0.4531439476709499
INFO:__main__:05/25/2022 11:58:54 AM em lowest score mean: 0.47619109256165715
INFO:__main__:05/25/2022 11:58:54 AM ------------------------------
