INFO:haystack.modeling.model.optimization:05/25/2022 11:58:59 AM apex not found, won't use it. See https://nvidia.github.io/apex/
INFO:haystack.modeling.utils:05/25/2022 11:58:59 AM Using devices: CUDA:0
INFO:haystack.modeling.utils:05/25/2022 11:58:59 AM Number of GPUs: 1
INFO:haystack.modeling.model.language_model:05/25/2022 11:58:59 AM LOADING MODEL
INFO:haystack.modeling.model.language_model:05/25/2022 11:58:59 AM =============
INFO:haystack.modeling.model.language_model:05/25/2022 11:58:59 AM Could not find Danastos/qacombination_bert_el locally.
INFO:haystack.modeling.model.language_model:05/25/2022 11:58:59 AM Looking on Transformers Model Hub (in local cache and online)...
INFO:haystack.modeling.model.language_model:05/25/2022 11:59:04 AM Loaded Danastos/qacombination_bert_el
INFO:haystack.modeling.utils:05/25/2022 11:59:13 AM Using devices: CUDA
INFO:haystack.modeling.utils:05/25/2022 11:59:13 AM Number of GPUs: 1
INFO:haystack.modeling.infer:05/25/2022 11:59:13 AM Got ya 5 parallel workers to do inference ...
INFO:haystack.modeling.infer:05/25/2022 11:59:13 AM  0     0     0     0     0  
INFO:haystack.modeling.infer:05/25/2022 11:59:13 AM /w\   /w\   /w\   /w\   /w\ 
INFO:haystack.modeling.infer:05/25/2022 11:59:13 AM /'\   / \   /'\   /'\   / \ 
INFO:__main__:05/25/2022 12:00:35 PM ------------------------------
INFO:__main__:05/25/2022 12:00:35 PM Question Answering System info
INFO:__main__:05/25/2022 12:00:35 PM Reader: Danastos/qacombination_bert_el
INFO:__main__:05/25/2022 12:00:35 PM max_seq_len: 256 doc_stride: 128
INFO:__main__:05/25/2022 12:00:35 PM Exact Match: 0.5563025210084034
INFO:__main__:05/25/2022 12:00:35 PM F1-Score: 0.7425348937014348
INFO:__main__:05/25/2022 12:00:35 PM f1 lowest score mean: 0.7296841875712302
INFO:__main__:05/25/2022 12:00:35 PM em lowest score mean: 0.7503758201610721
INFO:__main__:05/25/2022 12:00:35 PM ------------------------------
