INFO:haystack.modeling.model.optimization:05/25/2022 12:02:20 PM apex not found, won't use it. See https://nvidia.github.io/apex/
INFO:haystack.modeling.utils:05/25/2022 12:02:20 PM Using devices: CUDA:0
INFO:haystack.modeling.utils:05/25/2022 12:02:20 PM Number of GPUs: 1
INFO:haystack.modeling.model.language_model:05/25/2022 12:02:20 PM LOADING MODEL
INFO:haystack.modeling.model.language_model:05/25/2022 12:02:20 PM =============
INFO:haystack.modeling.model.language_model:05/25/2022 12:02:20 PM Could not find deepset/xlm-roberta-large-squad2 locally.
INFO:haystack.modeling.model.language_model:05/25/2022 12:02:20 PM Looking on Transformers Model Hub (in local cache and online)...
INFO:haystack.modeling.model.language_model:05/25/2022 12:02:27 PM Loaded deepset/xlm-roberta-large-squad2
INFO:haystack.modeling.utils:05/25/2022 12:02:44 PM Using devices: CUDA
INFO:haystack.modeling.utils:05/25/2022 12:02:44 PM Number of GPUs: 1
INFO:haystack.modeling.infer:05/25/2022 12:02:44 PM Got ya 5 parallel workers to do inference ...
INFO:haystack.modeling.infer:05/25/2022 12:02:44 PM  0     0     0     0     0  
INFO:haystack.modeling.infer:05/25/2022 12:02:44 PM /w\   /w\   /w\   /w\   /w\ 
INFO:haystack.modeling.infer:05/25/2022 12:02:44 PM /'\   / \   /'\   /'\   / \ 
INFO:__main__:05/25/2022 12:17:24 PM ------------------------------
INFO:__main__:05/25/2022 12:17:24 PM Question Answering System info
INFO:__main__:05/25/2022 12:17:24 PM Reader: deepset/xlm-roberta-large-squad2
INFO:__main__:05/25/2022 12:17:24 PM max_seq_len: 512 doc_stride: 256
INFO:__main__:05/25/2022 12:17:24 PM Exact Match: 0.5638655462184874
INFO:__main__:05/25/2022 12:17:24 PM F1-Score: 0.7682348032816143
INFO:__main__:05/25/2022 12:17:24 PM f1 lowest score mean: 0.7788961060240899
INFO:__main__:05/25/2022 12:17:24 PM em lowest score mean: 0.8006871895038421
INFO:__main__:05/25/2022 12:17:24 PM ------------------------------
