INFO:haystack.modeling.model.optimization:05/25/2022 12:19:45 PM apex not found, won't use it. See https://nvidia.github.io/apex/
INFO:haystack.modeling.utils:05/25/2022 12:19:45 PM Using devices: CUDA:0
INFO:haystack.modeling.utils:05/25/2022 12:19:45 PM Number of GPUs: 1
INFO:haystack.modeling.model.language_model:05/25/2022 12:19:45 PM LOADING MODEL
INFO:haystack.modeling.model.language_model:05/25/2022 12:19:45 PM =============
INFO:haystack.modeling.model.language_model:05/25/2022 12:19:45 PM Could not find Danastos/squad_bert_el locally.
INFO:haystack.modeling.model.language_model:05/25/2022 12:19:45 PM Looking on Transformers Model Hub (in local cache and online)...
INFO:haystack.modeling.model.language_model:05/25/2022 12:19:49 PM Loaded Danastos/squad_bert_el
INFO:haystack.modeling.utils:05/25/2022 12:19:58 PM Using devices: CUDA
INFO:haystack.modeling.utils:05/25/2022 12:19:58 PM Number of GPUs: 1
INFO:haystack.modeling.infer:05/25/2022 12:19:58 PM Got ya 5 parallel workers to do inference ...
INFO:haystack.modeling.infer:05/25/2022 12:19:58 PM  0     0     0     0     0  
INFO:haystack.modeling.infer:05/25/2022 12:19:58 PM /w\   /w\   /w\   /w\   /w\ 
INFO:haystack.modeling.infer:05/25/2022 12:19:58 PM /'\   / \   /'\   /'\   / \ 
INFO:__main__:05/25/2022 12:21:58 PM ------------------------------
INFO:__main__:05/25/2022 12:21:58 PM Question Answering System info
INFO:__main__:05/25/2022 12:21:58 PM Reader: Danastos/squad_bert_el
INFO:__main__:05/25/2022 12:21:58 PM max_seq_len: 512 doc_stride: 256
INFO:__main__:05/25/2022 12:21:58 PM Exact Match: 0.5722689075630252
INFO:__main__:05/25/2022 12:21:58 PM F1-Score: 0.7484068464636124
INFO:__main__:05/25/2022 12:21:58 PM f1 lowest score mean: 0.7643482140510457
INFO:__main__:05/25/2022 12:21:58 PM em lowest score mean: 0.7854754702770813
INFO:__main__:05/25/2022 12:21:58 PM ------------------------------
