INFO:haystack.modeling.model.optimization:05/25/2022 12:17:29 PM apex not found, won't use it. See https://nvidia.github.io/apex/
INFO:haystack.modeling.utils:05/25/2022 12:17:30 PM Using devices: CUDA:0
INFO:haystack.modeling.utils:05/25/2022 12:17:30 PM Number of GPUs: 1
INFO:haystack.modeling.model.language_model:05/25/2022 12:17:30 PM LOADING MODEL
INFO:haystack.modeling.model.language_model:05/25/2022 12:17:30 PM =============
INFO:haystack.modeling.model.language_model:05/25/2022 12:17:30 PM Could not find Danastos/triviaqa_bert_el locally.
INFO:haystack.modeling.model.language_model:05/25/2022 12:17:30 PM Looking on Transformers Model Hub (in local cache and online)...
INFO:haystack.modeling.model.language_model:05/25/2022 12:17:34 PM Loaded Danastos/triviaqa_bert_el
INFO:haystack.modeling.utils:05/25/2022 12:17:43 PM Using devices: CUDA
INFO:haystack.modeling.utils:05/25/2022 12:17:43 PM Number of GPUs: 1
INFO:haystack.modeling.infer:05/25/2022 12:17:43 PM Got ya 5 parallel workers to do inference ...
INFO:haystack.modeling.infer:05/25/2022 12:17:43 PM  0     0     0     0     0  
INFO:haystack.modeling.infer:05/25/2022 12:17:43 PM /w\   /w\   /w\   /w\   /w\ 
INFO:haystack.modeling.infer:05/25/2022 12:17:43 PM /'\   / \   /'\   /'\   / \ 
INFO:__main__:05/25/2022 12:19:41 PM ------------------------------
INFO:__main__:05/25/2022 12:19:41 PM Question Answering System info
INFO:__main__:05/25/2022 12:19:41 PM Reader: Danastos/triviaqa_bert_el
INFO:__main__:05/25/2022 12:19:41 PM max_seq_len: 512 doc_stride: 256
INFO:__main__:05/25/2022 12:19:41 PM Exact Match: 0.2747899159663866
INFO:__main__:05/25/2022 12:19:41 PM F1-Score: 0.40700003996657036
INFO:__main__:05/25/2022 12:19:41 PM f1 lowest score mean: 0.46739192004334806
INFO:__main__:05/25/2022 12:19:41 PM em lowest score mean: 0.48019936572214
INFO:__main__:05/25/2022 12:19:41 PM ------------------------------
