INFO:haystack.modeling.model.optimization:05/25/2022 12:22:02 PM apex not found, won't use it. See https://nvidia.github.io/apex/
INFO:haystack.modeling.utils:05/25/2022 12:22:02 PM Using devices: CUDA:0
INFO:haystack.modeling.utils:05/25/2022 12:22:02 PM Number of GPUs: 1
INFO:haystack.modeling.model.language_model:05/25/2022 12:22:02 PM LOADING MODEL
INFO:haystack.modeling.model.language_model:05/25/2022 12:22:02 PM =============
INFO:haystack.modeling.model.language_model:05/25/2022 12:22:02 PM Could not find Danastos/nq_bert_el locally.
INFO:haystack.modeling.model.language_model:05/25/2022 12:22:02 PM Looking on Transformers Model Hub (in local cache and online)...
INFO:haystack.modeling.model.language_model:05/25/2022 12:22:07 PM Loaded Danastos/nq_bert_el
INFO:haystack.modeling.utils:05/25/2022 12:22:16 PM Using devices: CUDA
INFO:haystack.modeling.utils:05/25/2022 12:22:16 PM Number of GPUs: 1
INFO:haystack.modeling.infer:05/25/2022 12:22:16 PM Got ya 5 parallel workers to do inference ...
INFO:haystack.modeling.infer:05/25/2022 12:22:16 PM  0     0     0     0     0  
INFO:haystack.modeling.infer:05/25/2022 12:22:16 PM /w\   /w\   /w\   /w\   /w\ 
INFO:haystack.modeling.infer:05/25/2022 12:22:16 PM /'\   / \   /'\   /'\   / \ 
INFO:__main__:05/25/2022 12:24:19 PM ------------------------------
INFO:__main__:05/25/2022 12:24:19 PM Question Answering System info
INFO:__main__:05/25/2022 12:24:19 PM Reader: Danastos/nq_bert_el
INFO:__main__:05/25/2022 12:24:19 PM max_seq_len: 512 doc_stride: 256
INFO:__main__:05/25/2022 12:24:19 PM Exact Match: 0.38487394957983195
INFO:__main__:05/25/2022 12:24:19 PM F1-Score: 0.5766027094375391
INFO:__main__:05/25/2022 12:24:19 PM f1 lowest score mean: 0.4464741045195659
INFO:__main__:05/25/2022 12:24:19 PM em lowest score mean: 0.4696080229314645
INFO:__main__:05/25/2022 12:24:19 PM ------------------------------
