INFO:haystack.modeling.model.optimization:05/25/2022 12:26:46 PM apex not found, won't use it. See https://nvidia.github.io/apex/
INFO:haystack.modeling.utils:05/25/2022 12:26:46 PM Using devices: CUDA:0
INFO:haystack.modeling.utils:05/25/2022 12:26:46 PM Number of GPUs: 1
INFO:haystack.modeling.model.language_model:05/25/2022 12:26:46 PM LOADING MODEL
INFO:haystack.modeling.model.language_model:05/25/2022 12:26:46 PM =============
INFO:haystack.modeling.model.language_model:05/25/2022 12:26:46 PM Could not find Danastos/newsqa_bert_el locally.
INFO:haystack.modeling.model.language_model:05/25/2022 12:26:46 PM Looking on Transformers Model Hub (in local cache and online)...
INFO:haystack.modeling.model.language_model:05/25/2022 12:26:50 PM Loaded Danastos/newsqa_bert_el
INFO:haystack.modeling.utils:05/25/2022 12:26:59 PM Using devices: CUDA
INFO:haystack.modeling.utils:05/25/2022 12:26:59 PM Number of GPUs: 1
INFO:haystack.modeling.infer:05/25/2022 12:26:59 PM Got ya 5 parallel workers to do inference ...
INFO:haystack.modeling.infer:05/25/2022 12:26:59 PM  0     0     0     0     0  
INFO:haystack.modeling.infer:05/25/2022 12:26:59 PM /w\   /w\   /w\   /w\   /w\ 
INFO:haystack.modeling.infer:05/25/2022 12:26:59 PM /'\   / \   /'\   /'\   / \ 
INFO:__main__:05/25/2022 12:29:07 PM ------------------------------
INFO:__main__:05/25/2022 12:29:07 PM Question Answering System info
INFO:__main__:05/25/2022 12:29:07 PM Reader: Danastos/newsqa_bert_el
INFO:__main__:05/25/2022 12:29:07 PM max_seq_len: 512 doc_stride: 256
INFO:__main__:05/25/2022 12:29:07 PM Exact Match: 0.3915966386554622
INFO:__main__:05/25/2022 12:29:07 PM F1-Score: 0.5864217801261221
INFO:__main__:05/25/2022 12:29:07 PM f1 lowest score mean: 0.573651150667405
INFO:__main__:05/25/2022 12:29:07 PM em lowest score mean: 0.5826606137041931
INFO:__main__:05/25/2022 12:29:07 PM ------------------------------
