INFO:haystack.modeling.model.optimization:05/15/2022 01:08:37 PM apex not found, won't use it. See https://nvidia.github.io/apex/
INFO:haystack.modeling.utils:05/15/2022 01:08:38 PM Using devices: CUDA:0
INFO:haystack.modeling.utils:05/15/2022 01:08:38 PM Number of GPUs: 1
INFO:haystack.modeling.model.language_model:05/15/2022 01:08:38 PM LOADING MODEL
INFO:haystack.modeling.model.language_model:05/15/2022 01:08:38 PM =============
INFO:haystack.modeling.model.language_model:05/15/2022 01:08:38 PM Could not find deepset/xlm-roberta-large-squad2 locally.
INFO:haystack.modeling.model.language_model:05/15/2022 01:08:38 PM Looking on Transformers Model Hub (in local cache and online)...
INFO:haystack.modeling.model.language_model:05/15/2022 01:08:45 PM Loaded deepset/xlm-roberta-large-squad2
INFO:haystack.modeling.utils:05/15/2022 01:09:03 PM Using devices: CUDA
INFO:haystack.modeling.utils:05/15/2022 01:09:03 PM Number of GPUs: 1
INFO:haystack.modeling.infer:05/15/2022 01:09:03 PM Got ya 5 parallel workers to do inference ...
INFO:haystack.modeling.infer:05/15/2022 01:09:03 PM  0     0     0     0     0  
INFO:haystack.modeling.infer:05/15/2022 01:09:03 PM /w\   /w\   /w\   /w\   /w\ 
INFO:haystack.modeling.infer:05/15/2022 01:09:03 PM /'\   / \   /'\   /'\   / \ 
INFO:__main__:05/15/2022 01:22:45 PM ------------------------------
INFO:__main__:05/15/2022 01:22:45 PM Question Answering System info
INFO:__main__:05/15/2022 01:22:45 PM Reader: deepset/xlm-roberta-large-squad2
INFO:__main__:05/15/2022 01:22:45 PM Exact Match: 0.5571428571428572
INFO:__main__:05/15/2022 01:22:45 PM F1-Score: 0.7576235228024292
INFO:__main__:05/15/2022 01:22:45 PM ------------------------------
