INFO:haystack.modeling.model.optimization:05/15/2022 01:29:00 PM apex not found, won't use it. See https://nvidia.github.io/apex/
INFO:haystack.modeling.utils:05/15/2022 01:29:00 PM Using devices: CUDA:0
INFO:haystack.modeling.utils:05/15/2022 01:29:00 PM Number of GPUs: 1
INFO:haystack.modeling.model.language_model:05/15/2022 01:29:00 PM LOADING MODEL
INFO:haystack.modeling.model.language_model:05/15/2022 01:29:00 PM =============
INFO:haystack.modeling.model.language_model:05/15/2022 01:29:00 PM Could not find Danastos/squad_bert_el locally.
INFO:haystack.modeling.model.language_model:05/15/2022 01:29:00 PM Looking on Transformers Model Hub (in local cache and online)...
INFO:haystack.modeling.model.language_model:05/15/2022 01:29:05 PM Loaded Danastos/squad_bert_el
INFO:haystack.modeling.utils:05/15/2022 01:29:14 PM Using devices: CUDA
INFO:haystack.modeling.utils:05/15/2022 01:29:14 PM Number of GPUs: 1
INFO:haystack.modeling.infer:05/15/2022 01:29:14 PM Got ya 5 parallel workers to do inference ...
INFO:haystack.modeling.infer:05/15/2022 01:29:14 PM  0     0     0     0     0  
INFO:haystack.modeling.infer:05/15/2022 01:29:14 PM /w\   /w\   /w\   /w\   /w\ 
INFO:haystack.modeling.infer:05/15/2022 01:29:14 PM /'\   / \   /'\   /'\   / \ 
INFO:__main__:05/15/2022 01:30:36 PM ------------------------------
INFO:__main__:05/15/2022 01:30:36 PM Question Answering System info
INFO:__main__:05/15/2022 01:30:36 PM Reader: Danastos/squad_bert_el
INFO:__main__:05/15/2022 01:30:36 PM Exact Match: 0.5714285714285714
INFO:__main__:05/15/2022 01:30:36 PM F1-Score: 0.7488355404570559
INFO:__main__:05/15/2022 01:30:36 PM ------------------------------
