INFO:haystack.modeling.model.optimization:05/15/2022 01:34:02 PM apex not found, won't use it. See https://nvidia.github.io/apex/
INFO:haystack.modeling.utils:05/15/2022 01:34:02 PM Using devices: CUDA:0
INFO:haystack.modeling.utils:05/15/2022 01:34:02 PM Number of GPUs: 1
INFO:haystack.modeling.model.language_model:05/15/2022 01:34:02 PM LOADING MODEL
INFO:haystack.modeling.model.language_model:05/15/2022 01:34:02 PM =============
INFO:haystack.modeling.model.language_model:05/15/2022 01:34:02 PM Could not find Danastos/newsqa_bert_el locally.
INFO:haystack.modeling.model.language_model:05/15/2022 01:34:02 PM Looking on Transformers Model Hub (in local cache and online)...
INFO:haystack.modeling.model.language_model:05/15/2022 01:34:07 PM Loaded Danastos/newsqa_bert_el
INFO:haystack.modeling.utils:05/15/2022 01:34:16 PM Using devices: CUDA
INFO:haystack.modeling.utils:05/15/2022 01:34:16 PM Number of GPUs: 1
INFO:haystack.modeling.infer:05/15/2022 01:34:16 PM Got ya 5 parallel workers to do inference ...
INFO:haystack.modeling.infer:05/15/2022 01:34:16 PM  0     0     0     0     0  
INFO:haystack.modeling.infer:05/15/2022 01:34:16 PM /w\   /w\   /w\   /w\   /w\ 
INFO:haystack.modeling.infer:05/15/2022 01:34:16 PM /'\   / \   /'\   /'\   / \ 
INFO:__main__:05/15/2022 01:35:42 PM ------------------------------
INFO:__main__:05/15/2022 01:35:42 PM Question Answering System info
INFO:__main__:05/15/2022 01:35:42 PM Reader: Danastos/newsqa_bert_el
INFO:__main__:05/15/2022 01:35:42 PM Exact Match: 0.3915966386554622
INFO:__main__:05/15/2022 01:35:42 PM F1-Score: 0.5879300567309794
INFO:__main__:05/15/2022 01:35:42 PM ------------------------------
