INFO:haystack.modeling.model.optimization:05/15/2022 08:42:23 PM apex not found, won't use it. See https://nvidia.github.io/apex/
INFO:haystack.modeling.utils:05/15/2022 08:42:23 PM Using devices: CUDA:0
INFO:haystack.modeling.utils:05/15/2022 08:42:23 PM Number of GPUs: 1
INFO:haystack.modeling.model.language_model:05/15/2022 08:42:23 PM LOADING MODEL
INFO:haystack.modeling.model.language_model:05/15/2022 08:42:23 PM =============
INFO:haystack.modeling.model.language_model:05/15/2022 08:42:23 PM Could not find Danastos/triviaqa_bert_el locally.
INFO:haystack.modeling.model.language_model:05/15/2022 08:42:23 PM Looking on Transformers Model Hub (in local cache and online)...
INFO:haystack.modeling.model.language_model:05/15/2022 08:42:27 PM Loaded Danastos/triviaqa_bert_el
INFO:haystack.modeling.utils:05/15/2022 08:42:36 PM Using devices: CUDA
INFO:haystack.modeling.utils:05/15/2022 08:42:36 PM Number of GPUs: 1
INFO:haystack.modeling.infer:05/15/2022 08:42:36 PM Got ya 5 parallel workers to do inference ...
INFO:haystack.modeling.infer:05/15/2022 08:42:36 PM  0     0     0     0     0  
INFO:haystack.modeling.infer:05/15/2022 08:42:36 PM /w\   /w\   /w\   /w\   /w\ 
INFO:haystack.modeling.infer:05/15/2022 08:42:36 PM /'\   / \   /'\   /'\   / \ 
INFO:__main__:05/15/2022 08:44:02 PM ------------------------------
INFO:__main__:05/15/2022 08:44:02 PM Question Answering System info
INFO:__main__:05/15/2022 08:44:02 PM Reader: Danastos/triviaqa_bert_el
INFO:__main__:05/15/2022 08:44:02 PM Exact Match: 0.27899159663865547
INFO:__main__:05/15/2022 08:44:02 PM F1-Score: 0.40941624672575755
INFO:__main__:05/15/2022 08:44:02 PM f1 lowest score mean: 0.45627022097980163
INFO:__main__:05/15/2022 08:44:02 PM em lowest score mean: 0.4686611953147639
INFO:__main__:05/15/2022 08:44:02 PM ------------------------------
