INFO:haystack.modeling.model.optimization:05/15/2022 08:49:14 PM apex not found, won't use it. See https://nvidia.github.io/apex/
INFO:haystack.modeling.utils:05/15/2022 08:49:14 PM Using devices: CUDA:0
INFO:haystack.modeling.utils:05/15/2022 08:49:14 PM Number of GPUs: 1
INFO:haystack.modeling.model.language_model:05/15/2022 08:49:14 PM LOADING MODEL
INFO:haystack.modeling.model.language_model:05/15/2022 08:49:14 PM =============
INFO:haystack.modeling.model.language_model:05/15/2022 08:49:14 PM Could not find Danastos/newsqa_bert_el locally.
INFO:haystack.modeling.model.language_model:05/15/2022 08:49:14 PM Looking on Transformers Model Hub (in local cache and online)...
INFO:haystack.modeling.model.language_model:05/15/2022 08:49:19 PM Loaded Danastos/newsqa_bert_el
INFO:haystack.modeling.utils:05/15/2022 08:49:28 PM Using devices: CUDA
INFO:haystack.modeling.utils:05/15/2022 08:49:28 PM Number of GPUs: 1
INFO:haystack.modeling.infer:05/15/2022 08:49:28 PM Got ya 5 parallel workers to do inference ...
INFO:haystack.modeling.infer:05/15/2022 08:49:28 PM  0     0     0     0     0  
INFO:haystack.modeling.infer:05/15/2022 08:49:28 PM /w\   /w\   /w\   /w\   /w\ 
INFO:haystack.modeling.infer:05/15/2022 08:49:28 PM /'\   / \   /'\   /'\   / \ 
INFO:__main__:05/15/2022 08:50:53 PM ------------------------------
INFO:__main__:05/15/2022 08:50:53 PM Question Answering System info
INFO:__main__:05/15/2022 08:50:53 PM Reader: Danastos/newsqa_bert_el
INFO:__main__:05/15/2022 08:50:53 PM Exact Match: 0.3915966386554622
INFO:__main__:05/15/2022 08:50:53 PM F1-Score: 0.5879300567309794
INFO:__main__:05/15/2022 08:50:53 PM f1 lowest score mean: 0.5769331835251839
INFO:__main__:05/15/2022 08:50:53 PM em lowest score mean: 0.5869989762330048
INFO:__main__:05/15/2022 08:50:53 PM ------------------------------
